Evaluation (Expires 11/1/2020): *************************
16592/6: 16/12/2019 10:42:55 AM: ComponentSpace.SAML2, Version=3.4.0.0, Culture=neutral, PublicKeyToken=16647a1283418145, .NET v4.6.2 build, Evaluation.
16592/6: 16/12/2019 10:42:55 AM: CLR: 4.0.30319.42000, OS: Microsoft Windows NT 10.0.18362.0, Account: DESKTOP-20TK0HG\ACTIVANTS64, Culture: English (Singapore)
16592/6: 16/12/2019 10:42:55 AM: The SAML_SessionId cookie with value 87b180b2-3eeb-4ad8-b809-1c4c1b8752fa has been set.
16592/6: 16/12/2019 10:42:55 AM: The configuration ID for the session (87b180b2-3eeb-4ad8-b809-1c4c1b8752fa) is ActivantsSAMLSP1.
16592/6: 16/12/2019 10:42:55 AM: Initializing the SAML environment.
16592/6: 16/12/2019 10:42:55 AM: Loading the SAML configuration file C:\Users\ACTIVANTS64\Documents\SAML\ActivantsSamlServiceProvider\ActivantsSamlServiceProvider\saml.config.
16592/6: 16/12/2019 10:42:55 AM: SAML configuration:
<?xml version="1.0"?>
<SAMLConfigurations xmlns="urn:componentspace:SAML:2.0:configuration">
  
  <!--1st service ID : ActivantsSAMLSP1-->
    <SAMLConfiguration ID="ActivantsSAMLSP1">
        <ServiceProvider Name="123456789"
                         Description="Activants Service Provider"
                         AssertionConsumerServiceUrl="https://localhost:44309/SAML/AssertionConsumerService"
                         LocalCertificateFile="Certificates\sp.pfx"
                         LocalCertificatePassword="********"/>

        <PartnerIdentityProviders>
          <PartnerIdentityProvider Name="https://login.xecurify.com/moas/198052/8ab7a98c-0cce-11ea-a703-02c931e36dd8"
                                   Description="Activants IDP"
                                   SignAuthnRequest="true"
                                   SingleSignOnServiceBinding="urn:oasis:names:tc:SAML:2.0:bindings:HTTP-Artifact"
                                   SingleLogoutServiceBinding="urn:oasis:names:tc:SAML:2.0:bindings:HTTP-Redirect"
                                   WantSAMLResponseSigned="true"
                                   WantAssertionSigned ="true"
                                   SignLogoutRequest="true"
                                   WantLogoutResponseSigned="false"
                                   SignatureMethod="http://www.w3.org/2001/04/xmldsig-more#rsa-sha256"
                                   SingleSignOnServiceUrl="https://login.xecurify.com/moas/idp/samlsso/8ab7a98c-0cce-11ea-a703-02c931e36dd8"
                                   SingleLogoutServiceUrl="https://login.xecurify.com/moas/idp/samllogout/8ab7a98c-0cce-11ea-a703-02c931e36dd8?cid=198052"
                                   PartnerCertificateFile="Certificates\ActivantsSAMLSP1IDP.cer"/>
        </PartnerIdentityProviders>
      </SAMLConfiguration>

  <!--2nd service ID : ActivantsSAMLSP2-->
      <SAMLConfiguration ID="ActivantsSAMLSP2">
        <ServiceProvider Name="987654321"
                         Description="Activants Service Provider"
                         AssertionConsumerServiceUrl="https://localhost:44309/SAML/AssertionConsumerService"
                         LocalCertificateFile="Certificates\sp.pfx"
                         LocalCertificatePassword="********"/>

        <PartnerIdentityProviders>
          <PartnerIdentityProvider Name="https://login.xecurify.com/moas/198052/4a937c12-eb3e-11e9-a210-167b3d02eeb8"
                                   Description="Activants IDP"
                                   SignAuthnRequest="true"
                                   SingleSignOnServiceBinding="urn:oasis:names:tc:SAML:2.0:bindings:HTTP-Redirect"
                                   SingleLogoutServiceBinding="urn:oasis:names:tc:SAML:2.0:bindings:HTTP-Redirect"
                                   WantSAMLResponseSigned="true"
                                   WantAssertionSigned ="true"
                                   SignLogoutRequest="true"
                                   WantLogoutResponseSigned="false"
                                   SignatureMethod="http://www.w3.org/2001/04/xmldsig-more#rsa-sha256"
                                   SingleSignOnServiceUrl="https://login.xecurify.com/moas/idp/samlsso/4a937c12-eb3e-11e9-a210-167b3d02eeb8"
                                   SingleLogoutServiceUrl="https://login.xecurify.com/moas/idp/samllogout/4a937c12-eb3e-11e9-a210-167b3d02eeb8?cid=198052"
                                   PartnerCertificateFile="Certificates\ActivantsSAMLSP2IDP.cer"/>
        </PartnerIdentityProviders>
      </SAMLConfiguration>
  
  
</SAMLConfigurations>
16592/6: 16/12/2019 10:42:55 AM: A schema validation error occurred in  at line 0, column 0. The 'SingleSignOnServiceBinding' attribute is invalid - The value 'urn:oasis:names:tc:SAML:2.0:bindings:HTTP-Artifact' is invalid according to its datatype 'urn:componentspace:SAML:2.0:configuration:SAMLBindingType' - The Enumeration constraint failed.
16592/6: 16/12/2019 10:42:55 AM: Exception: ComponentSpace.SAML2.Exceptions.SAMLSchemaValidationException: One or more configuration XML schema validation errors occurred.
16592/6: 16/12/2019 10:42:55 AM:    at ComponentSpace.SAML2.Exceptions.SAMLSchemaValidationException..ctor(String message, IList`1 warnings, IList`1 errors)
   at ComponentSpace.SAML2.Configuration.SchemaValidator.ValidateConfiguration(XmlDocument xmlDocument)
   at ComponentSpace.SAML2.Configuration.SAMLConfigurationFile.Load(String fileName)
   at ComponentSpace.SAML2.SAMLController.Initialize()
   at ComponentSpace.SAML2.InternalSAMLServiceProvider..ctor()
   at ComponentSpace.SAML2.SAMLServiceProvider.InitiateSSO(HttpResponseBase httpResponse, String relayState, String partnerIdP, SSOOptions ssoOptions)
   at ActivantsSP.Controllers.SamlController.InitiateSingleSignOn(String relayState) in C:\Users\ACTIVANTS64\Documents\SAML\ActivantsSamlServiceProvider\ActivantsSamlServiceProvider\Controllers\SamlController.cs:line 40
   at lambda_method(Closure , ControllerBase , Object[] )
   at System.Web.Mvc.ActionMethodDispatcher.Execute(ControllerBase controller, Object[] parameters)
   at System.Web.Mvc.ReflectedActionDescriptor.Execute(ControllerContext controllerContext, IDictionary`2 parameters)
   at System.Web.Mvc.ControllerActionInvoker.InvokeActionMethod(ControllerContext controllerContext, ActionDescriptor actionDescriptor, IDictionary`2 parameters)
   at System.Web.Mvc.Async.AsyncControllerActionInvoker.<>c.<BeginInvokeSynchronousActionMethod>b__9_0(IAsyncResult asyncResult, ActionInvocation innerInvokeState)
   at System.Web.Mvc.Async.AsyncResultWrapper.WrappedAsyncResult`2.CallEndDelegate(IAsyncResult asyncResult)
   at System.Web.Mvc.Async.AsyncResultWrapper.WrappedAsyncResultBase`1.End()
   at System.Web.Mvc.Async.AsyncControllerActionInvoker.EndInvokeActionMethod(IAsyncResult asyncResult)
   at System.Web.Mvc.Async.AsyncControllerActionInvoker.AsyncInvocationWithFilters.<>c__DisplayClass11_0.<InvokeActionMethodFilterAsynchronouslyRecursive>b__0()
   at System.Web.Mvc.Async.AsyncControllerActionInvoker.AsyncInvocationWithFilters.<>c__DisplayClass11_2.<InvokeActionMethodFilterAsynchronouslyRecursive>b__2()
   at System.Web.Mvc.Async.AsyncControllerActionInvoker.<>c__DisplayClass7_0.<BeginInvokeActionMethodWithFilters>b__1(IAsyncResult asyncResult)
   at System.Web.Mvc.Async.AsyncResultWrapper.WrappedAsyncResult`1.CallEndDelegate(IAsyncResult asyncResult)
   at System.Web.Mvc.Async.AsyncResultWrapper.WrappedAsyncResultBase`1.End()
   at System.Web.Mvc.Async.AsyncControllerActionInvoker.EndInvokeActionMethodWithFilters(IAsyncResult asyncResult)
   at System.Web.Mvc.Async.AsyncControllerActionInvoker.<>c__DisplayClass3_6.<BeginInvokeAction>b__4()
   at System.Web.Mvc.Async.AsyncControllerActionInvoker.<>c__DisplayClass3_1.<BeginInvokeAction>b__1(IAsyncResult asyncResult)
   at System.Web.Mvc.Async.AsyncResultWrapper.WrappedAsyncResult`1.CallEndDelegate(IAsyncResult asyncResult)
   at System.Web.Mvc.Async.AsyncResultWrapper.WrappedAsyncResultBase`1.End()
   at System.Web.Mvc.Async.AsyncControllerActionInvoker.EndInvokeAction(IAsyncResult asyncResult)
   at System.Web.Mvc.Controller.<>c.<BeginExecuteCore>b__152_1(IAsyncResult asyncResult, ExecuteCoreState innerState)
   at System.Web.Mvc.Async.AsyncResultWrapper.WrappedAsyncVoid`1.CallEndDelegate(IAsyncResult asyncResult)
   at System.Web.Mvc.Async.AsyncResultWrapper.WrappedAsyncResultBase`1.End()
   at System.Web.Mvc.Controller.EndExecuteCore(IAsyncResult asyncResult)
   at System.Web.Mvc.Controller.<>c.<BeginExecute>b__151_2(IAsyncResult asyncResult, Controller controller)
   at System.Web.Mvc.Async.AsyncResultWrapper.WrappedAsyncVoid`1.CallEndDelegate(IAsyncResult asyncResult)
   at System.Web.Mvc.Async.AsyncResultWrapper.WrappedAsyncResultBase`1.End()
   at System.Web.Mvc.Controller.EndExecute(IAsyncResult asyncResult)
   at System.Web.Mvc.Controller.System.Web.Mvc.Async.IAsyncController.EndExecute(IAsyncResult asyncResult)
   at System.Web.Mvc.MvcHandler.<>c.<BeginProcessRequest>b__20_1(IAsyncResult asyncResult, ProcessRequestState innerState)
   at System.Web.Mvc.Async.AsyncResultWrapper.WrappedAsyncVoid`1.CallEndDelegate(IAsyncResult asyncResult)
   at System.Web.Mvc.Async.AsyncResultWrapper.WrappedAsyncResultBase`1.End()
   at System.Web.Mvc.MvcHandler.EndProcessRequest(IAsyncResult asyncResult)
   at System.Web.Mvc.MvcHandler.System.Web.IHttpAsyncHandler.EndProcessRequest(IAsyncResult result)
   at System.Web.HttpApplication.CallHandlerExecutionStep.System.Web.HttpApplication.IExecutionStep.Execute()
   at System.Web.HttpApplication.ExecuteStepImpl(IExecutionStep step)
   at System.Web.HttpApplication.ExecuteStep(IExecutionStep step, Boolean& completedSynchronously)
   at System.Web.HttpApplication.PipelineStepManager.ResumeSteps(Exception error)
   at System.Web.HttpApplication.BeginProcessRequestNotification(HttpContext context, AsyncCallback cb)
   at System.Web.HttpRuntime.ProcessRequestNotificationPrivate(IIS7WorkerRequest wr, HttpContext context)
   at System.Web.Hosting.PipelineRuntime.ProcessRequestNotificationHelper(IntPtr rootedObjectsPointer, IntPtr nativeRequestContext, IntPtr moduleData, Int32 flags)
   at System.Web.Hosting.PipelineRuntime.ProcessRequestNotification(IntPtr rootedObjectsPointer, IntPtr nativeRequestContext, IntPtr moduleData, Int32 flags)
   at System.Web.Hosting.UnsafeIISMethods.MgdIndicateCompletion(IntPtr pHandler, RequestNotificationStatus& notificationStatus)
   at System.Web.Hosting.PipelineRuntime.ProcessRequestNotificationHelper(IntPtr rootedObjectsPointer, IntPtr nativeRequestContext, IntPtr moduleData, Int32 flags)
   at System.Web.Hosting.PipelineRuntime.ProcessRequestNotification(IntPtr rootedObjectsPointer, IntPtr nativeRequestContext, IntPtr moduleData, Int32 flags)

Evaluation (Expires 11/1/2020): *************************
16592/6: 16/12/2019 10:43:04 AM: The configuration ID for the session (87b180b2-3eeb-4ad8-b809-1c4c1b8752fa) is ActivantsSAMLSP1.
16592/6: 16/12/2019 10:43:04 AM: Initializing the SAML environment.
16592/6: 16/12/2019 10:43:04 AM: Loading the SAML configuration file C:\Users\ACTIVANTS64\Documents\SAML\ActivantsSamlServiceProvider\ActivantsSamlServiceProvider\saml.config.
16592/6: 16/12/2019 10:43:04 AM: SAML configuration:
<?xml version="1.0"?>
<SAMLConfigurations xmlns="urn:componentspace:SAML:2.0:configuration">
  
  <!--1st service ID : ActivantsSAMLSP1-->
    <SAMLConfiguration ID="ActivantsSAMLSP1">
        <ServiceProvider Name="123456789"
                         Description="Activants Service Provider"
                         AssertionConsumerServiceUrl="https://localhost:44309/SAML/AssertionConsumerService"
                         LocalCertificateFile="Certificates\sp.pfx"
                         LocalCertificatePassword="********"/>

        <PartnerIdentityProviders>
          <PartnerIdentityProvider Name="https://login.xecurify.com/moas/198052/8ab7a98c-0cce-11ea-a703-02c931e36dd8"
                                   Description="Activants IDP"
                                   SignAuthnRequest="true"
                                   SingleSignOnServiceBinding="urn:oasis:names:tc:SAML:2.0:bindings:HTTP-Artifact"
                                   SingleLogoutServiceBinding="urn:oasis:names:tc:SAML:2.0:bindings:HTTP-Redirect"
                                   WantSAMLResponseSigned="true"
                                   WantAssertionSigned ="true"
                                   SignLogoutRequest="true"
                                   WantLogoutResponseSigned="false"
                                   SignatureMethod="http://www.w3.org/2001/04/xmldsig-more#rsa-sha256"
                                   SingleSignOnServiceUrl="https://login.xecurify.com/moas/idp/samlsso/8ab7a98c-0cce-11ea-a703-02c931e36dd8"
                                   SingleLogoutServiceUrl="https://login.xecurify.com/moas/idp/samllogout/8ab7a98c-0cce-11ea-a703-02c931e36dd8?cid=198052"
                                   PartnerCertificateFile="Certificates\ActivantsSAMLSP1IDP.cer"/>
        </PartnerIdentityProviders>
      </SAMLConfiguration>

  <!--2nd service ID : ActivantsSAMLSP2-->
      <SAMLConfiguration ID="ActivantsSAMLSP2">
        <ServiceProvider Name="987654321"
                         Description="Activants Service Provider"
                         AssertionConsumerServiceUrl="https://localhost:44309/SAML/AssertionConsumerService"
                         LocalCertificateFile="Certificates\sp.pfx"
                         LocalCertificatePassword="********"/>

        <PartnerIdentityProviders>
          <PartnerIdentityProvider Name="https://login.xecurify.com/moas/198052/4a937c12-eb3e-11e9-a210-167b3d02eeb8"
                                   Description="Activants IDP"
                                   SignAuthnRequest="true"
                                   SingleSignOnServiceBinding="urn:oasis:names:tc:SAML:2.0:bindings:HTTP-Redirect"
                                   SingleLogoutServiceBinding="urn:oasis:names:tc:SAML:2.0:bindings:HTTP-Redirect"
                                   WantSAMLResponseSigned="true"
                                   WantAssertionSigned ="true"
                                   SignLogoutRequest="true"
                                   WantLogoutResponseSigned="false"
                                   SignatureMethod="http://www.w3.org/2001/04/xmldsig-more#rsa-sha256"
                                   SingleSignOnServiceUrl="https://login.xecurify.com/moas/idp/samlsso/4a937c12-eb3e-11e9-a210-167b3d02eeb8"
                                   SingleLogoutServiceUrl="https://login.xecurify.com/moas/idp/samllogout/4a937c12-eb3e-11e9-a210-167b3d02eeb8?cid=198052"
                                   PartnerCertificateFile="Certificates\ActivantsSAMLSP2IDP.cer"/>
        </PartnerIdentityProviders>
      </SAMLConfiguration>
  
  
</SAMLConfigurations>
16592/6: 16/12/2019 10:43:04 AM: A schema validation error occurred in  at line 0, column 0. The 'SingleSignOnServiceBinding' attribute is invalid - The value 'urn:oasis:names:tc:SAML:2.0:bindings:HTTP-Artifact' is invalid according to its datatype 'urn:componentspace:SAML:2.0:configuration:SAMLBindingType' - The Enumeration constraint failed.
16592/6: 16/12/2019 10:43:04 AM: Exception: ComponentSpace.SAML2.Exceptions.SAMLSchemaValidationException: One or more configuration XML schema validation errors occurred.
16592/6: 16/12/2019 10:43:04 AM:    at ComponentSpace.SAML2.Exceptions.SAMLSchemaValidationException..ctor(String message, IList`1 warnings, IList`1 errors)
   at ComponentSpace.SAML2.Configuration.SchemaValidator.ValidateConfiguration(XmlDocument xmlDocument)
   at ComponentSpace.SAML2.Configuration.SAMLConfigurationFile.Load(String fileName)
   at ComponentSpace.SAML2.SAMLController.Initialize()
   at ComponentSpace.SAML2.InternalSAMLServiceProvider..ctor()
   at ComponentSpace.SAML2.SAMLServiceProvider.InitiateSSO(HttpResponseBase httpResponse, String relayState, String partnerIdP, SSOOptions ssoOptions)
   at ActivantsSP.Controllers.SamlController.InitiateSingleSignOn(String relayState) in C:\Users\ACTIVANTS64\Documents\SAML\ActivantsSamlServiceProvider\ActivantsSamlServiceProvider\Controllers\SamlController.cs:line 40
   at lambda_method(Closure , ControllerBase , Object[] )
   at System.Web.Mvc.ActionMethodDispatcher.Execute(ControllerBase controller, Object[] parameters)
   at System.Web.Mvc.ReflectedActionDescriptor.Execute(ControllerContext controllerContext, IDictionary`2 parameters)
   at System.Web.Mvc.ControllerActionInvoker.InvokeActionMethod(ControllerContext controllerContext, ActionDescriptor actionDescriptor, IDictionary`2 parameters)
   at System.Web.Mvc.Async.AsyncControllerActionInvoker.<>c.<BeginInvokeSynchronousActionMethod>b__9_0(IAsyncResult asyncResult, ActionInvocation innerInvokeState)
   at System.Web.Mvc.Async.AsyncResultWrapper.WrappedAsyncResult`2.CallEndDelegate(IAsyncResult asyncResult)
   at System.Web.Mvc.Async.AsyncResultWrapper.WrappedAsyncResultBase`1.End()
   at System.Web.Mvc.Async.AsyncControllerActionInvoker.EndInvokeActionMethod(IAsyncResult asyncResult)
   at System.Web.Mvc.Async.AsyncControllerActionInvoker.AsyncInvocationWithFilters.<>c__DisplayClass11_0.<InvokeActionMethodFilterAsynchronouslyRecursive>b__0()
   at System.Web.Mvc.Async.AsyncControllerActionInvoker.AsyncInvocationWithFilters.<>c__DisplayClass11_2.<InvokeActionMethodFilterAsynchronouslyRecursive>b__2()
   at System.Web.Mvc.Async.AsyncControllerActionInvoker.<>c__DisplayClass7_0.<BeginInvokeActionMethodWithFilters>b__1(IAsyncResult asyncResult)
   at System.Web.Mvc.Async.AsyncResultWrapper.WrappedAsyncResult`1.CallEndDelegate(IAsyncResult asyncResult)
   at System.Web.Mvc.Async.AsyncResultWrapper.WrappedAsyncResultBase`1.End()
   at System.Web.Mvc.Async.AsyncControllerActionInvoker.EndInvokeActionMethodWithFilters(IAsyncResult asyncResult)
   at System.Web.Mvc.Async.AsyncControllerActionInvoker.<>c__DisplayClass3_6.<BeginInvokeAction>b__4()
   at System.Web.Mvc.Async.AsyncControllerActionInvoker.<>c__DisplayClass3_1.<BeginInvokeAction>b__1(IAsyncResult asyncResult)
   at System.Web.Mvc.Async.AsyncResultWrapper.WrappedAsyncResult`1.CallEndDelegate(IAsyncResult asyncResult)
   at System.Web.Mvc.Async.AsyncResultWrapper.WrappedAsyncResultBase`1.End()
   at System.Web.Mvc.Async.AsyncControllerActionInvoker.EndInvokeAction(IAsyncResult asyncResult)
   at System.Web.Mvc.Controller.<>c.<BeginExecuteCore>b__152_1(IAsyncResult asyncResult, ExecuteCoreState innerState)
   at System.Web.Mvc.Async.AsyncResultWrapper.WrappedAsyncVoid`1.CallEndDelegate(IAsyncResult asyncResult)
   at System.Web.Mvc.Async.AsyncResultWrapper.WrappedAsyncResultBase`1.End()
   at System.Web.Mvc.Controller.EndExecuteCore(IAsyncResult asyncResult)
   at System.Web.Mvc.Controller.<>c.<BeginExecute>b__151_2(IAsyncResult asyncResult, Controller controller)
   at System.Web.Mvc.Async.AsyncResultWrapper.WrappedAsyncVoid`1.CallEndDelegate(IAsyncResult asyncResult)
   at System.Web.Mvc.Async.AsyncResultWrapper.WrappedAsyncResultBase`1.End()
   at System.Web.Mvc.Controller.EndExecute(IAsyncResult asyncResult)
   at System.Web.Mvc.Controller.System.Web.Mvc.Async.IAsyncController.EndExecute(IAsyncResult asyncResult)
   at System.Web.Mvc.MvcHandler.<>c.<BeginProcessRequest>b__20_1(IAsyncResult asyncResult, ProcessRequestState innerState)
   at System.Web.Mvc.Async.AsyncResultWrapper.WrappedAsyncVoid`1.CallEndDelegate(IAsyncResult asyncResult)
   at System.Web.Mvc.Async.AsyncResultWrapper.WrappedAsyncResultBase`1.End()
   at System.Web.Mvc.MvcHandler.EndProcessRequest(IAsyncResult asyncResult)
   at System.Web.Mvc.MvcHandler.System.Web.IHttpAsyncHandler.EndProcessRequest(IAsyncResult result)
   at System.Web.HttpApplication.CallHandlerExecutionStep.System.Web.HttpApplication.IExecutionStep.Execute()
   at System.Web.HttpApplication.ExecuteStepImpl(IExecutionStep step)
   at System.Web.HttpApplication.ExecuteStep(IExecutionStep step, Boolean& completedSynchronously)
   at System.Web.HttpApplication.PipelineStepManager.ResumeSteps(Exception error)
   at System.Web.HttpApplication.BeginProcessRequestNotification(HttpContext context, AsyncCallback cb)
   at System.Web.HttpRuntime.ProcessRequestNotificationPrivate(IIS7WorkerRequest wr, HttpContext context)
   at System.Web.Hosting.PipelineRuntime.ProcessRequestNotificationHelper(IntPtr rootedObjectsPointer, IntPtr nativeRequestContext, IntPtr moduleData, Int32 flags)
   at System.Web.Hosting.PipelineRuntime.ProcessRequestNotification(IntPtr rootedObjectsPointer, IntPtr nativeRequestContext, IntPtr moduleData, Int32 flags)
   at System.Web.Hosting.UnsafeIISMethods.MgdIndicateCompletion(IntPtr pHandler, RequestNotificationStatus& notificationStatus)
   at System.Web.Hosting.PipelineRuntime.ProcessRequestNotificationHelper(IntPtr rootedObjectsPointer, IntPtr nativeRequestContext, IntPtr moduleData, Int32 flags)
   at System.Web.Hosting.PipelineRuntime.ProcessRequestNotification(IntPtr rootedObjectsPointer, IntPtr nativeRequestContext, IntPtr moduleData, Int32 flags)

Evaluation (Expires 11/1/2020): *************************
Evaluation (Expires 11/1/2020): *************************
Evaluation (Expires 11/1/2020): *************************
Evaluation (Expires 11/1/2020): *************************
Evaluation (Expires 11/1/2020): *************************
Evaluation (Expires 11/1/2020): *************************
Evaluation (Expires 11/1/2020): *************************
9224/6: 16/12/2019 11:34:21 AM: ComponentSpace.SAML2, Version=3.4.0.0, Culture=neutral, PublicKeyToken=16647a1283418145, .NET v4.6.2 build, Evaluation.
9224/6: 16/12/2019 11:34:21 AM: CLR: 4.0.30319.42000, OS: Microsoft Windows NT 10.0.18362.0, Account: DESKTOP-20TK0HG\ACTIVANTS64, Culture: English (Singapore)
9224/6: 16/12/2019 11:34:21 AM: The configuration ID for the session (87b180b2-3eeb-4ad8-b809-1c4c1b8752fa) is ActivantsSAMLSP1.
9224/6: 16/12/2019 11:34:21 AM: Initializing the SAML environment.
9224/6: 16/12/2019 11:34:21 AM: Loading the SAML configuration file C:\Users\ACTIVANTS64\Documents\SAML\ActivantsSamlServiceProvider\ActivantsSamlServiceProvider\saml.config.
9224/6: 16/12/2019 11:34:21 AM: SAML configuration:
<?xml version="1.0"?>
<SAMLConfigurations xmlns="urn:componentspace:SAML:2.0:configuration">
  
  <!--1st service ID : ActivantsSAMLSP1-->
    <SAMLConfiguration ID="ActivantsSAMLSP1">
        <ServiceProvider Name="123456789"
                         Description="Activants Service Provider"
                         AssertionConsumerServiceUrl="https://localhost:44309/SAML/AssertionConsumerService"
                         LocalCertificateFile="Certificates\sp.pfx"
                         LocalCertificatePassword="********"/>

        <PartnerIdentityProviders>
          <PartnerIdentityProvider Name="https://login.xecurify.com/moas/198052/8ab7a98c-0cce-11ea-a703-02c931e36dd8"
                                   Description="Activants IDP"
                                   SignAuthnRequest="true"
                                   SingleSignOnServiceBinding="urn:oasis:names:tc:SAML:2.0:bindings:HTTP-Artifact"
                                   SingleLogoutServiceBinding="urn:oasis:names:tc:SAML:2.0:bindings:HTTP-Redirect"
                                   WantSAMLResponseSigned="true"
                                   WantAssertionSigned ="true"
                                   SignLogoutRequest="true"
                                   WantLogoutResponseSigned="false"
                                   SignatureMethod="http://www.w3.org/2001/04/xmldsig-more#rsa-sha256"
                                   SingleSignOnServiceUrl="https://login.xecurify.com/moas/idp/samlsso/8ab7a98c-0cce-11ea-a703-02c931e36dd8"
                                   SingleLogoutServiceUrl="https://login.xecurify.com/moas/idp/samllogout/8ab7a98c-0cce-11ea-a703-02c931e36dd8?cid=198052"
                                   PartnerCertificateFile="Certificates\ActivantsSAMLSP1IDP.cer"/>
        </PartnerIdentityProviders>
      </SAMLConfiguration>

  <!--2nd service ID : ActivantsSAMLSP2-->
      <SAMLConfiguration ID="ActivantsSAMLSP2">
        <ServiceProvider Name="987654321"
                         Description="Activants Service Provider"
                         AssertionConsumerServiceUrl="https://localhost:44309/SAML/AssertionConsumerService"
                         LocalCertificateFile="Certificates\sp.pfx"
                         LocalCertificatePassword="********"/>

        <PartnerIdentityProviders>
          <PartnerIdentityProvider Name="https://login.xecurify.com/moas/198052/4a937c12-eb3e-11e9-a210-167b3d02eeb8"
                                   Description="Activants IDP"
                                   SignAuthnRequest="true"
                                   SingleSignOnServiceBinding="urn:oasis:names:tc:SAML:2.0:bindings:HTTP-Redirect"
                                   SingleLogoutServiceBinding="urn:oasis:names:tc:SAML:2.0:bindings:HTTP-Redirect"
                                   WantSAMLResponseSigned="true"
                                   WantAssertionSigned ="true"
                                   SignLogoutRequest="true"
                                   WantLogoutResponseSigned="false"
                                   SignatureMethod="http://www.w3.org/2001/04/xmldsig-more#rsa-sha256"
                                   SingleSignOnServiceUrl="https://login.xecurify.com/moas/idp/samlsso/4a937c12-eb3e-11e9-a210-167b3d02eeb8"
                                   SingleLogoutServiceUrl="https://login.xecurify.com/moas/idp/samllogout/4a937c12-eb3e-11e9-a210-167b3d02eeb8?cid=198052"
                                   PartnerCertificateFile="Certificates\ActivantsSAMLSP2IDP.cer"/>
        </PartnerIdentityProviders>
      </SAMLConfiguration>
  
  
</SAMLConfigurations>
9224/6: 16/12/2019 11:34:21 AM: A schema validation error occurred in  at line 0, column 0. The 'SingleSignOnServiceBinding' attribute is invalid - The value 'urn:oasis:names:tc:SAML:2.0:bindings:HTTP-Artifact' is invalid according to its datatype 'urn:componentspace:SAML:2.0:configuration:SAMLBindingType' - The Enumeration constraint failed.
9224/6: 16/12/2019 11:34:21 AM: Exception: ComponentSpace.SAML2.Exceptions.SAMLSchemaValidationException: One or more configuration XML schema validation errors occurred.
9224/6: 16/12/2019 11:34:21 AM:    at ComponentSpace.SAML2.Exceptions.SAMLSchemaValidationException..ctor(String message, IList`1 warnings, IList`1 errors)
   at ComponentSpace.SAML2.Configuration.SchemaValidator.ValidateConfiguration(XmlDocument xmlDocument)
   at ComponentSpace.SAML2.Configuration.SAMLConfigurationFile.Load(String fileName)
   at ComponentSpace.SAML2.SAMLController.Initialize()
   at ComponentSpace.SAML2.InternalSAMLServiceProvider..ctor()
   at ComponentSpace.SAML2.SAMLServiceProvider.InitiateSSO(HttpResponseBase httpResponse, String relayState, String partnerIdP, SSOOptions ssoOptions)
   at ActivantsSP.Controllers.SamlController.InitiateSingleSignOn(String relayState) in C:\Users\ACTIVANTS64\Documents\SAML\ActivantsSamlServiceProvider\ActivantsSamlServiceProvider\Controllers\SamlController.cs:line 40
   at lambda_method(Closure , ControllerBase , Object[] )
   at System.Web.Mvc.ActionMethodDispatcher.Execute(ControllerBase controller, Object[] parameters)
   at System.Web.Mvc.ReflectedActionDescriptor.Execute(ControllerContext controllerContext, IDictionary`2 parameters)
   at System.Web.Mvc.ControllerActionInvoker.InvokeActionMethod(ControllerContext controllerContext, ActionDescriptor actionDescriptor, IDictionary`2 parameters)
   at System.Web.Mvc.Async.AsyncControllerActionInvoker.<>c.<BeginInvokeSynchronousActionMethod>b__9_0(IAsyncResult asyncResult, ActionInvocation innerInvokeState)
   at System.Web.Mvc.Async.AsyncResultWrapper.WrappedAsyncResult`2.CallEndDelegate(IAsyncResult asyncResult)
   at System.Web.Mvc.Async.AsyncResultWrapper.WrappedAsyncResultBase`1.End()
   at System.Web.Mvc.Async.AsyncControllerActionInvoker.EndInvokeActionMethod(IAsyncResult asyncResult)
   at System.Web.Mvc.Async.AsyncControllerActionInvoker.AsyncInvocationWithFilters.<>c__DisplayClass11_0.<InvokeActionMethodFilterAsynchronouslyRecursive>b__0()
   at System.Web.Mvc.Async.AsyncControllerActionInvoker.AsyncInvocationWithFilters.<>c__DisplayClass11_2.<InvokeActionMethodFilterAsynchronouslyRecursive>b__2()
   at System.Web.Mvc.Async.AsyncControllerActionInvoker.<>c__DisplayClass7_0.<BeginInvokeActionMethodWithFilters>b__1(IAsyncResult asyncResult)
   at System.Web.Mvc.Async.AsyncResultWrapper.WrappedAsyncResult`1.CallEndDelegate(IAsyncResult asyncResult)
   at System.Web.Mvc.Async.AsyncResultWrapper.WrappedAsyncResultBase`1.End()
   at System.Web.Mvc.Async.AsyncControllerActionInvoker.EndInvokeActionMethodWithFilters(IAsyncResult asyncResult)
   at System.Web.Mvc.Async.AsyncControllerActionInvoker.<>c__DisplayClass3_6.<BeginInvokeAction>b__4()
   at System.Web.Mvc.Async.AsyncControllerActionInvoker.<>c__DisplayClass3_1.<BeginInvokeAction>b__1(IAsyncResult asyncResult)
   at System.Web.Mvc.Async.AsyncResultWrapper.WrappedAsyncResult`1.CallEndDelegate(IAsyncResult asyncResult)
   at System.Web.Mvc.Async.AsyncResultWrapper.WrappedAsyncResultBase`1.End()
   at System.Web.Mvc.Async.AsyncControllerActionInvoker.EndInvokeAction(IAsyncResult asyncResult)
   at System.Web.Mvc.Controller.<>c.<BeginExecuteCore>b__152_1(IAsyncResult asyncResult, ExecuteCoreState innerState)
   at System.Web.Mvc.Async.AsyncResultWrapper.WrappedAsyncVoid`1.CallEndDelegate(IAsyncResult asyncResult)
   at System.Web.Mvc.Async.AsyncResultWrapper.WrappedAsyncResultBase`1.End()
   at System.Web.Mvc.Controller.EndExecuteCore(IAsyncResult asyncResult)
   at System.Web.Mvc.Controller.<>c.<BeginExecute>b__151_2(IAsyncResult asyncResult, Controller controller)
   at System.Web.Mvc.Async.AsyncResultWrapper.WrappedAsyncVoid`1.CallEndDelegate(IAsyncResult asyncResult)
   at System.Web.Mvc.Async.AsyncResultWrapper.WrappedAsyncResultBase`1.End()
   at System.Web.Mvc.Controller.EndExecute(IAsyncResult asyncResult)
   at System.Web.Mvc.Controller.System.Web.Mvc.Async.IAsyncController.EndExecute(IAsyncResult asyncResult)
   at System.Web.Mvc.MvcHandler.<>c.<BeginProcessRequest>b__20_1(IAsyncResult asyncResult, ProcessRequestState innerState)
   at System.Web.Mvc.Async.AsyncResultWrapper.WrappedAsyncVoid`1.CallEndDelegate(IAsyncResult asyncResult)
   at System.Web.Mvc.Async.AsyncResultWrapper.WrappedAsyncResultBase`1.End()
   at System.Web.Mvc.MvcHandler.EndProcessRequest(IAsyncResult asyncResult)
   at System.Web.Mvc.MvcHandler.System.Web.IHttpAsyncHandler.EndProcessRequest(IAsyncResult result)
   at System.Web.HttpApplication.CallHandlerExecutionStep.System.Web.HttpApplication.IExecutionStep.Execute()
   at System.Web.HttpApplication.ExecuteStepImpl(IExecutionStep step)
   at System.Web.HttpApplication.ExecuteStep(IExecutionStep step, Boolean& completedSynchronously)
   at System.Web.HttpApplication.PipelineStepManager.ResumeSteps(Exception error)
   at System.Web.HttpApplication.BeginProcessRequestNotification(HttpContext context, AsyncCallback cb)
   at System.Web.HttpRuntime.ProcessRequestNotificationPrivate(IIS7WorkerRequest wr, HttpContext context)
   at System.Web.Hosting.PipelineRuntime.ProcessRequestNotificationHelper(IntPtr rootedObjectsPointer, IntPtr nativeRequestContext, IntPtr moduleData, Int32 flags)
   at System.Web.Hosting.PipelineRuntime.ProcessRequestNotification(IntPtr rootedObjectsPointer, IntPtr nativeRequestContext, IntPtr moduleData, Int32 flags)
   at System.Web.Hosting.UnsafeIISMethods.MgdIndicateCompletion(IntPtr pHandler, RequestNotificationStatus& notificationStatus)
   at System.Web.Hosting.PipelineRuntime.ProcessRequestNotificationHelper(IntPtr rootedObjectsPointer, IntPtr nativeRequestContext, IntPtr moduleData, Int32 flags)
   at System.Web.Hosting.PipelineRuntime.ProcessRequestNotification(IntPtr rootedObjectsPointer, IntPtr nativeRequestContext, IntPtr moduleData, Int32 flags)

Evaluation (Expires 11/1/2020): *************************
9224/7: 16/12/2019 11:34:58 AM: The configuration ID for the session (87b180b2-3eeb-4ad8-b809-1c4c1b8752fa) is ActivantsSAMLSP1.
9224/7: 16/12/2019 11:35:14 AM: Initializing the SAML environment.
9224/7: 16/12/2019 11:35:14 AM: Loading the SAML configuration file C:\Users\ACTIVANTS64\Documents\SAML\ActivantsSamlServiceProvider\ActivantsSamlServiceProvider\saml.config.
9224/7: 16/12/2019 11:35:14 AM: SAML configuration:
<?xml version="1.0"?>
<SAMLConfigurations xmlns="urn:componentspace:SAML:2.0:configuration">
  
  <!--1st service ID : ActivantsSAMLSP1-->
    <SAMLConfiguration ID="ActivantsSAMLSP1">
        <ServiceProvider Name="123456789"
                         Description="Activants Service Provider"
                         AssertionConsumerServiceUrl="https://localhost:44309/SAML/AssertionConsumerService"
                         LocalCertificateFile="Certificates\sp.pfx"
                         LocalCertificatePassword="********"/>

        <PartnerIdentityProviders>
          <PartnerIdentityProvider Name="https://login.xecurify.com/moas/198052/8ab7a98c-0cce-11ea-a703-02c931e36dd8"
                                   Description="Activants IDP"
                                   SignAuthnRequest="true"
                                   SingleSignOnServiceBinding="urn:oasis:names:tc:SAML:2.0:bindings:HTTP-Artifact"
                                   SingleLogoutServiceBinding="urn:oasis:names:tc:SAML:2.0:bindings:HTTP-Redirect"
                                   WantSAMLResponseSigned="true"
                                   WantAssertionSigned ="true"
                                   SignLogoutRequest="true"
                                   WantLogoutResponseSigned="false"
                                   SignatureMethod="http://www.w3.org/2001/04/xmldsig-more#rsa-sha256"
                                   SingleSignOnServiceUrl="https://login.xecurify.com/moas/idp/samlsso/8ab7a98c-0cce-11ea-a703-02c931e36dd8"
                                   SingleLogoutServiceUrl="https://login.xecurify.com/moas/idp/samllogout/8ab7a98c-0cce-11ea-a703-02c931e36dd8?cid=198052"
                                   PartnerCertificateFile="Certificates\ActivantsSAMLSP1IDP.cer"/>
        </PartnerIdentityProviders>
      </SAMLConfiguration>

  <!--2nd service ID : ActivantsSAMLSP2-->
      <SAMLConfiguration ID="ActivantsSAMLSP2">
        <ServiceProvider Name="987654321"
                         Description="Activants Service Provider"
                         AssertionConsumerServiceUrl="https://localhost:44309/SAML/AssertionConsumerService"
                         LocalCertificateFile="Certificates\sp.pfx"
                         LocalCertificatePassword="********"/>

        <PartnerIdentityProviders>
          <PartnerIdentityProvider Name="https://login.xecurify.com/moas/198052/4a937c12-eb3e-11e9-a210-167b3d02eeb8"
                                   Description="Activants IDP"
                                   SignAuthnRequest="true"
                                   SingleSignOnServiceBinding="urn:oasis:names:tc:SAML:2.0:bindings:HTTP-Redirect"
                                   SingleLogoutServiceBinding="urn:oasis:names:tc:SAML:2.0:bindings:HTTP-Redirect"
                                   WantSAMLResponseSigned="true"
                                   WantAssertionSigned ="true"
                                   SignLogoutRequest="true"
                                   WantLogoutResponseSigned="false"
                                   SignatureMethod="http://www.w3.org/2001/04/xmldsig-more#rsa-sha256"
                                   SingleSignOnServiceUrl="https://login.xecurify.com/moas/idp/samlsso/4a937c12-eb3e-11e9-a210-167b3d02eeb8"
                                   SingleLogoutServiceUrl="https://login.xecurify.com/moas/idp/samllogout/4a937c12-eb3e-11e9-a210-167b3d02eeb8?cid=198052"
                                   PartnerCertificateFile="Certificates\ActivantsSAMLSP2IDP.cer"/>
        </PartnerIdentityProviders>
      </SAMLConfiguration>
  
  
</SAMLConfigurations>
9224/7: 16/12/2019 11:35:14 AM: A schema validation error occurred in  at line 0, column 0. The 'SingleSignOnServiceBinding' attribute is invalid - The value 'urn:oasis:names:tc:SAML:2.0:bindings:HTTP-Artifact' is invalid according to its datatype 'urn:componentspace:SAML:2.0:configuration:SAMLBindingType' - The Enumeration constraint failed.
9224/7: 16/12/2019 11:35:14 AM: Exception: ComponentSpace.SAML2.Exceptions.SAMLSchemaValidationException: One or more configuration XML schema validation errors occurred.
9224/7: 16/12/2019 11:35:14 AM:    at ComponentSpace.SAML2.Exceptions.SAMLSchemaValidationException..ctor(String message, IList`1 warnings, IList`1 errors)
   at ComponentSpace.SAML2.Configuration.SchemaValidator.ValidateConfiguration(XmlDocument xmlDocument)
   at ComponentSpace.SAML2.Configuration.SAMLConfigurationFile.Load(String fileName)
   at ComponentSpace.SAML2.SAMLController.Initialize()
   at ComponentSpace.SAML2.InternalSAMLServiceProvider..ctor()
   at ComponentSpace.SAML2.SAMLServiceProvider.InitiateSSO(HttpResponseBase httpResponse, String relayState, String partnerIdP, SSOOptions ssoOptions)
   at ActivantsSP.Controllers.SamlController.InitiateSingleSignOn(String relayState) in C:\Users\ACTIVANTS64\Documents\SAML\ActivantsSamlServiceProvider\ActivantsSamlServiceProvider\Controllers\SamlController.cs:line 40
   at lambda_method(Closure , ControllerBase , Object[] )
   at System.Web.Mvc.ActionMethodDispatcher.Execute(ControllerBase controller, Object[] parameters)
   at System.Web.Mvc.ReflectedActionDescriptor.Execute(ControllerContext controllerContext, IDictionary`2 parameters)
   at System.Web.Mvc.ControllerActionInvoker.InvokeActionMethod(ControllerContext controllerContext, ActionDescriptor actionDescriptor, IDictionary`2 parameters)
   at System.Web.Mvc.Async.AsyncControllerActionInvoker.<>c.<BeginInvokeSynchronousActionMethod>b__9_0(IAsyncResult asyncResult, ActionInvocation innerInvokeState)
   at System.Web.Mvc.Async.AsyncResultWrapper.WrappedAsyncResult`2.CallEndDelegate(IAsyncResult asyncResult)
   at System.Web.Mvc.Async.AsyncResultWrapper.WrappedAsyncResultBase`1.End()
   at System.Web.Mvc.Async.AsyncControllerActionInvoker.EndInvokeActionMethod(IAsyncResult asyncResult)
   at System.Web.Mvc.Async.AsyncControllerActionInvoker.AsyncInvocationWithFilters.<>c__DisplayClass11_0.<InvokeActionMethodFilterAsynchronouslyRecursive>b__0()
   at System.Web.Mvc.Async.AsyncControllerActionInvoker.AsyncInvocationWithFilters.<>c__DisplayClass11_2.<InvokeActionMethodFilterAsynchronouslyRecursive>b__2()
   at System.Web.Mvc.Async.AsyncControllerActionInvoker.<>c__DisplayClass7_0.<BeginInvokeActionMethodWithFilters>b__1(IAsyncResult asyncResult)
   at System.Web.Mvc.Async.AsyncResultWrapper.WrappedAsyncResult`1.CallEndDelegate(IAsyncResult asyncResult)
   at System.Web.Mvc.Async.AsyncResultWrapper.WrappedAsyncResultBase`1.End()
   at System.Web.Mvc.Async.AsyncControllerActionInvoker.EndInvokeActionMethodWithFilters(IAsyncResult asyncResult)
   at System.Web.Mvc.Async.AsyncControllerActionInvoker.<>c__DisplayClass3_6.<BeginInvokeAction>b__4()
   at System.Web.Mvc.Async.AsyncControllerActionInvoker.<>c__DisplayClass3_1.<BeginInvokeAction>b__1(IAsyncResult asyncResult)
   at System.Web.Mvc.Async.AsyncResultWrapper.WrappedAsyncResult`1.CallEndDelegate(IAsyncResult asyncResult)
   at System.Web.Mvc.Async.AsyncResultWrapper.WrappedAsyncResultBase`1.End()
   at System.Web.Mvc.Async.AsyncControllerActionInvoker.EndInvokeAction(IAsyncResult asyncResult)
   at System.Web.Mvc.Controller.<>c.<BeginExecuteCore>b__152_1(IAsyncResult asyncResult, ExecuteCoreState innerState)
   at System.Web.Mvc.Async.AsyncResultWrapper.WrappedAsyncVoid`1.CallEndDelegate(IAsyncResult asyncResult)
   at System.Web.Mvc.Async.AsyncResultWrapper.WrappedAsyncResultBase`1.End()
   at System.Web.Mvc.Controller.EndExecuteCore(IAsyncResult asyncResult)
   at System.Web.Mvc.Controller.<>c.<BeginExecute>b__151_2(IAsyncResult asyncResult, Controller controller)
   at System.Web.Mvc.Async.AsyncResultWrapper.WrappedAsyncVoid`1.CallEndDelegate(IAsyncResult asyncResult)
   at System.Web.Mvc.Async.AsyncResultWrapper.WrappedAsyncResultBase`1.End()
   at System.Web.Mvc.Controller.EndExecute(IAsyncResult asyncResult)
   at System.Web.Mvc.Controller.System.Web.Mvc.Async.IAsyncController.EndExecute(IAsyncResult asyncResult)
   at System.Web.Mvc.MvcHandler.<>c.<BeginProcessRequest>b__20_1(IAsyncResult asyncResult, ProcessRequestState innerState)
   at System.Web.Mvc.Async.AsyncResultWrapper.WrappedAsyncVoid`1.CallEndDelegate(IAsyncResult asyncResult)
   at System.Web.Mvc.Async.AsyncResultWrapper.WrappedAsyncResultBase`1.End()
   at System.Web.Mvc.MvcHandler.EndProcessRequest(IAsyncResult asyncResult)
   at System.Web.Mvc.MvcHandler.System.Web.IHttpAsyncHandler.EndProcessRequest(IAsyncResult result)
   at System.Web.HttpApplication.CallHandlerExecutionStep.System.Web.HttpApplication.IExecutionStep.Execute()
   at System.Web.HttpApplication.ExecuteStepImpl(IExecutionStep step)
   at System.Web.HttpApplication.ExecuteStep(IExecutionStep step, Boolean& completedSynchronously)
   at System.Web.HttpApplication.PipelineStepManager.ResumeSteps(Exception error)
   at System.Web.HttpApplication.BeginProcessRequestNotification(HttpContext context, AsyncCallback cb)
   at System.Web.HttpRuntime.ProcessRequestNotificationPrivate(IIS7WorkerRequest wr, HttpContext context)
   at System.Web.Hosting.PipelineRuntime.ProcessRequestNotificationHelper(IntPtr rootedObjectsPointer, IntPtr nativeRequestContext, IntPtr moduleData, Int32 flags)
   at System.Web.Hosting.PipelineRuntime.ProcessRequestNotification(IntPtr rootedObjectsPointer, IntPtr nativeRequestContext, IntPtr moduleData, Int32 flags)
   at System.Web.Hosting.UnsafeIISMethods.MgdIndicateCompletion(IntPtr pHandler, RequestNotificationStatus& notificationStatus)
   at System.Web.Hosting.PipelineRuntime.ProcessRequestNotificationHelper(IntPtr rootedObjectsPointer, IntPtr nativeRequestContext, IntPtr moduleData, Int32 flags)
   at System.Web.Hosting.PipelineRuntime.ProcessRequestNotification(IntPtr rootedObjectsPointer, IntPtr nativeRequestContext, IntPtr moduleData, Int32 flags)

